c:\users\rui pinto\documents\c++\niceholidays\projetoprog2\projetoprog2\debug\vc141.pdb
c:\users\rui pinto\documents\c++\niceholidays\projetoprog2\projetoprog2\debug\vc141.idb
c:\users\rui pinto\documents\c++\niceholidays\projetoprog2\projetoprog2\debug\packet.obj
c:\users\rui pinto\documents\c++\niceholidays\projetoprog2\projetoprog2\debug\menus.obj
c:\users\rui pinto\documents\c++\niceholidays\projetoprog2\projetoprog2\debug\main.obj
c:\users\rui pinto\documents\c++\niceholidays\projetoprog2\projetoprog2\debug\date.obj
c:\users\rui pinto\documents\c++\niceholidays\projetoprog2\projetoprog2\debug\address.obj
c:\users\rui pinto\documents\c++\niceholidays\projetoprog2\projetoprog2\debug\agency.obj
c:\users\rui pinto\documents\c++\niceholidays\projetoprog2\projetoprog2\debug\client.obj
c:\users\rui pinto\documents\c++\niceholidays\projetoprog2\projetoprog2\debug\updateagencyinfo.obj
c:\users\rui pinto\documents\c++\niceholidays\projetoprog2\projetoprog2\debug\generalfunctions.obj
c:\users\rui pinto\documents\c++\niceholidays\projetoprog2\debug\projetoprog2.exe
c:\users\rui pinto\documents\c++\niceholidays\projetoprog2\debug\projetoprog2.ilk
c:\users\rui pinto\documents\c++\niceholidays\projetoprog2\debug\projetoprog2.pdb
c:\users\rui pinto\documents\c++\niceholidays\projetoprog2\projetoprog2\debug\source.obj
c:\users\rui pinto\documents\c++\niceholidays\projetoprog2\projetoprog2\debug\projetoprog2.tlog\cl.command.1.tlog
c:\users\rui pinto\documents\c++\niceholidays\projetoprog2\projetoprog2\debug\projetoprog2.tlog\cl.read.1.tlog
c:\users\rui pinto\documents\c++\niceholidays\projetoprog2\projetoprog2\debug\projetoprog2.tlog\cl.write.1.tlog
c:\users\rui pinto\documents\c++\niceholidays\projetoprog2\projetoprog2\debug\projetoprog2.tlog\link.command.1.tlog
c:\users\rui pinto\documents\c++\niceholidays\projetoprog2\projetoprog2\debug\projetoprog2.tlog\link.read.1.tlog
c:\users\rui pinto\documents\c++\niceholidays\projetoprog2\projetoprog2\debug\projetoprog2.tlog\link.write.1.tlog
